<?xml version="1.0" encoding="utf-8" standalone="no"?>
<!--This file represents the results of running a test suite-->
<test-results name="D:\development\textmetal\src\TextMetal.Common.UnitTests\UnitTesting.nunit" total="4" errors="0" failures="0" not-run="0" inconclusive="0" ignored="0" skipped="0" invalid="0" date="2014-03-26" time="13:14:53">
  <environment nunit-version="5.0.5.35674" clr-version="4.0.30319.34003" os-version="Microsoft Windows NT 6.2.9200.0" platform="Win32NT" cwd="D:\development\textmetal\src\TextMetal.Common.UnitTests" machine-name="FRAMEWORK" user="daniel.bullington" user-domain="framework" />
  <culture-info current-culture="en-US" current-uiculture="en-US" />
  <test-suite type="Project" name="D:\development\textmetal\src\TextMetal.Common.UnitTests\UnitTesting.nunit" executed="True" result="Success" success="True" time="1.450" asserts="0">
    <results>
      <test-suite type="Assembly" name="D:\development\textmetal\src\TextMetal.Common.UnitTests\bin\Debug\TextMetal.Common.UnitTests.dll" executed="True" result="Success" success="True" time="1.435" asserts="0">
        <results>
          <test-suite type="Namespace" name="TextMetal" executed="True" result="Success" success="True" time="1.435" asserts="0">
            <results>
              <test-suite type="Namespace" name="Common" executed="True" result="Success" success="True" time="1.434" asserts="0">
                <results>
                  <test-suite type="Namespace" name="UnitTests" executed="True" result="Success" success="True" time="1.434" asserts="0">
                    <results>
                      <test-suite type="Namespace" name="SqlServerClr" executed="True" result="Success" success="True" time="1.434" asserts="0">
                        <results>
                          <test-suite type="Namespace" name="_" executed="True" result="Success" success="True" time="1.433" asserts="0">
                            <results>
                              <test-suite type="TestFixture" name="ScalarFunctionsTests" executed="True" result="Success" success="True" time="1.426" asserts="0">
                                <results>
                                  <test-case name="TextMetal.Common.UnitTests.SqlServerClr._.ScalarFunctionsTests.ShouldTest0" executed="True" result="Success" success="True" time="0.020" asserts="0" />
                                  <test-case name="TextMetal.Common.UnitTests.SqlServerClr._.ScalarFunctionsTests.ShouldTest1" executed="True" result="Success" success="True" time="0.059" asserts="0" />
                                  <test-case name="TextMetal.Common.UnitTests.SqlServerClr._.ScalarFunctionsTests.ShouldTest2" executed="True" result="Success" success="True" time="1.315" asserts="0" />
                                  <test-case name="TextMetal.Common.UnitTests.SqlServerClr._.ScalarFunctionsTests.ShouldTest3" executed="True" result="Success" success="True" time="0.009" asserts="0" />
                                </results>
                              </test-suite>
                            </results>
                          </test-suite>
                        </results>
                      </test-suite>
                    </results>
                  </test-suite>
                </results>
              </test-suite>
            </results>
          </test-suite>
        </results>
      </test-suite>
    </results>
  </test-suite>
</test-results>