<?xml version="1.0" encoding="utf-8" standalone="no"?>
<!--This file represents the results of running a test suite-->
<test-results name="D:\development\textmetal\src\TextMetal.Common.UnitTests\UnitTesting.nunit" total="53" errors="0" failures="0" not-run="0" inconclusive="0" ignored="0" skipped="0" invalid="0" date="2013-08-22" time="21:34:47">
  <environment nunit-version="5.0.1.36361" clr-version="4.0.30319.18051" os-version="Microsoft Windows NT 6.2.9200.0" platform="Win32NT" cwd="D:\development\textmetal\src\TextMetal.Common.UnitTests" machine-name="FRAMEWORK" user="Administrator" user-domain="framework" />
  <culture-info current-culture="en-US" current-uiculture="en-US" />
  <test-suite type="Project" name="D:\development\textmetal\src\TextMetal.Common.UnitTests\UnitTesting.nunit" executed="True" result="Success" success="True" time="0.600" asserts="0">
    <results>
      <test-suite type="Assembly" name="D:\development\textmetal\src\TextMetal.Common.UnitTests\bin\Debug\TextMetal.Common.UnitTests.dll" executed="True" result="Success" success="True" time="0.600" asserts="0">
        <results>
          <test-suite type="Namespace" name="TextMetal" executed="True" result="Success" success="True" time="0.600" asserts="0">
            <results>
              <test-suite type="Namespace" name="Common" executed="True" result="Success" success="True" time="0.599" asserts="0">
                <results>
                  <test-suite type="Namespace" name="UnitTests" executed="True" result="Success" success="True" time="0.599" asserts="0">
                    <results>
                      <test-suite type="Namespace" name="Solder" executed="True" result="Success" success="True" time="0.599" asserts="0">
                        <results>
                          <test-suite type="Namespace" name="DependencyManagement" executed="True" result="Success" success="True" time="0.599" asserts="0">
                            <results>
                              <test-suite type="Namespace" name="_" executed="True" result="Success" success="True" time="0.598" asserts="0">
                                <results>
                                  <test-suite type="TestFixture" name="ActivatorDependencyResolutionTests" executed="True" result="Success" success="True" time="0.042" asserts="0">
                                    <results>
                                      <test-case name="TextMetal.Common.UnitTests.Solder.DependencyManagement._.ActivatorDependencyResolutionTests.ShouldCreateAndEvaluateTest" executed="True" result="Success" success="True" time="0.038" asserts="0" />
                                      <test-case name="TextMetal.Common.UnitTests.Solder.DependencyManagement._.ActivatorDependencyResolutionTests.ShouldFailOnNullValueCreateTest" executed="True" result="Success" success="True" time="0.001" asserts="0" />
                                    </results>
                                  </test-suite>
                                  <test-suite type="TestFixture" name="ConstructorDependencyResolutionTests" executed="True" result="Success" success="True" time="0.001" asserts="0">
                                    <results>
                                      <test-case name="TextMetal.Common.UnitTests.Solder.DependencyManagement._.ConstructorDependencyResolutionTests.ShouldCreateAndEvaluateTest" executed="True" result="Success" success="True" time="0.001" asserts="0" />
                                    </results>
                                  </test-suite>
                                  <test-suite type="TestFixture" name="DelegateDependencyResolutionTests" executed="True" result="Success" success="True" time="0.009" asserts="0">
                                    <results>
                                      <test-case name="TextMetal.Common.UnitTests.Solder.DependencyManagement._.DelegateDependencyResolutionTests.ShouldCreateAndEvaluateFromFuncTest" executed="True" result="Success" success="True" time="0.002" asserts="0" />
                                      <test-case name="TextMetal.Common.UnitTests.Solder.DependencyManagement._.DelegateDependencyResolutionTests.ShouldCreateAndEvaluateTest" executed="True" result="Success" success="True" time="0.001" asserts="0" />
                                      <test-case name="TextMetal.Common.UnitTests.Solder.DependencyManagement._.DelegateDependencyResolutionTests.ShouldFailOnNullValueCreateFromFuncTest" executed="True" result="Success" success="True" time="0.001" asserts="0" />
                                      <test-case name="TextMetal.Common.UnitTests.Solder.DependencyManagement._.DelegateDependencyResolutionTests.ShouldFailOnNullValueCreateTest" executed="True" result="Success" success="True" time="0.001" asserts="0" />
                                    </results>
                                  </test-suite>
                                  <test-suite type="TestFixture" name="DependencyExceptionTests" executed="True" result="Success" success="True" time="0.001" asserts="0">
                                    <results>
                                      <test-case name="TextMetal.Common.UnitTests.Solder.DependencyManagement._.DependencyExceptionTests.ShouldCreateTest" executed="True" result="Success" success="True" time="0.000" asserts="0" />
                                    </results>
                                  </test-suite>
                                  <test-suite type="TestFixture" name="DependencyManagerTests" executed="True" result="Success" success="True" time="0.525" asserts="0">
                                    <results>
                                      <test-case name="TextMetal.Common.UnitTests.Solder.DependencyManagement._.DependencyManagerTests.ShouldAddResolution1Test" executed="True" result="Success" success="True" time="0.001" asserts="0" />
                                      <test-case name="TextMetal.Common.UnitTests.Solder.DependencyManagement._.DependencyManagerTests.ShouldAddResolutionTest" executed="True" result="Success" success="True" time="0.001" asserts="0" />
                                      <test-case name="TextMetal.Common.UnitTests.Solder.DependencyManagement._.DependencyManagerTests.ShouldCheckIfHasResolution1Test" executed="True" result="Success" success="True" time="0.016" asserts="0" />
                                      <test-case name="TextMetal.Common.UnitTests.Solder.DependencyManagement._.DependencyManagerTests.ShouldCheckIfHasResolutionTest" executed="True" result="Success" success="True" time="0.001" asserts="0" />
                                      <test-case name="TextMetal.Common.UnitTests.Solder.DependencyManagement._.DependencyManagerTests.ShouldClearAllResolutionsTest" executed="True" result="Success" success="True" time="0.000" asserts="0" />
                                      <test-case name="TextMetal.Common.UnitTests.Solder.DependencyManagement._.DependencyManagerTests.ShouldClearTypeResolutions1Test" executed="True" result="Success" success="True" time="0.004" asserts="0" />
                                      <test-case name="TextMetal.Common.UnitTests.Solder.DependencyManagement._.DependencyManagerTests.ShouldClearTypeResolutionsTest" executed="True" result="Success" success="True" time="0.001" asserts="0" />
                                      <test-case name="TextMetal.Common.UnitTests.Solder.DependencyManagement._.DependencyManagerTests.ShouldCreateTest" executed="True" result="Success" success="True" time="0.001" asserts="0" />
                                      <test-case name="TextMetal.Common.UnitTests.Solder.DependencyManagement._.DependencyManagerTests.ShouldFailOnDisposedAddResolution1Test" executed="True" result="Success" success="True" time="0.002" asserts="0" />
                                      <test-case name="TextMetal.Common.UnitTests.Solder.DependencyManagement._.DependencyManagerTests.ShouldFailOnDisposedAddResolutionTest" executed="True" result="Success" success="True" time="0.001" asserts="0" />
                                      <test-case name="TextMetal.Common.UnitTests.Solder.DependencyManagement._.DependencyManagerTests.ShouldFailOnDisposedCheckIfHasResolution1Test" executed="True" result="Success" success="True" time="0.001" asserts="0" />
                                      <test-case name="TextMetal.Common.UnitTests.Solder.DependencyManagement._.DependencyManagerTests.ShouldFailOnDisposedCheckIfHasResolutionTest" executed="True" result="Success" success="True" time="0.001" asserts="0" />
                                      <test-case name="TextMetal.Common.UnitTests.Solder.DependencyManagement._.DependencyManagerTests.ShouldFailOnDisposedClearAllResolutionsTest" executed="True" result="Success" success="True" time="0.000" asserts="0" />
                                      <test-case name="TextMetal.Common.UnitTests.Solder.DependencyManagement._.DependencyManagerTests.ShouldFailOnDisposedClearTypeResolutions1Test" executed="True" result="Success" success="True" time="0.000" asserts="0" />
                                      <test-case name="TextMetal.Common.UnitTests.Solder.DependencyManagement._.DependencyManagerTests.ShouldFailOnDisposedClearTypeResolutionsTest" executed="True" result="Success" success="True" time="0.001" asserts="0" />
                                      <test-case name="TextMetal.Common.UnitTests.Solder.DependencyManagement._.DependencyManagerTests.ShouldFailOnDisposedRemoveResolution1Test" executed="True" result="Success" success="True" time="0.001" asserts="0" />
                                      <test-case name="TextMetal.Common.UnitTests.Solder.DependencyManagement._.DependencyManagerTests.ShouldFailOnDisposedRemoveResolutionTest" executed="True" result="Success" success="True" time="0.001" asserts="0" />
                                      <test-case name="TextMetal.Common.UnitTests.Solder.DependencyManagement._.DependencyManagerTests.ShouldFailOnDisposedResolveDependency1Test" executed="True" result="Success" success="True" time="0.001" asserts="0" />
                                      <test-case name="TextMetal.Common.UnitTests.Solder.DependencyManagement._.DependencyManagerTests.ShouldFailOnDisposedResolveDependencyTest" executed="True" result="Success" success="True" time="0.000" asserts="0" />
                                      <test-case name="TextMetal.Common.UnitTests.Solder.DependencyManagement._.DependencyManagerTests.ShouldFailOnKeyExistsAddResolutionTest" executed="True" result="Success" success="True" time="0.001" asserts="0" />
                                      <test-case name="TextMetal.Common.UnitTests.Solder.DependencyManagement._.DependencyManagerTests.ShouldFailOnKeyNotExistsRemoveResolutionTest" executed="True" result="Success" success="True" time="0.001" asserts="0" />
                                      <test-case name="TextMetal.Common.UnitTests.Solder.DependencyManagement._.DependencyManagerTests.ShouldFailOnKeyNotExistsResolveDependencyTest" executed="True" result="Success" success="True" time="0.000" asserts="0" />
                                      <test-case name="TextMetal.Common.UnitTests.Solder.DependencyManagement._.DependencyManagerTests.ShouldFailOnNotAssignableResolveDependencyTest" executed="True" result="Success" success="True" time="0.000" asserts="0" />
                                      <test-case name="TextMetal.Common.UnitTests.Solder.DependencyManagement._.DependencyManagerTests.ShouldFailOnNullDependencyResolutionAddResolution1Test" executed="True" result="Success" success="True" time="0.001" asserts="0" />
                                      <test-case name="TextMetal.Common.UnitTests.Solder.DependencyManagement._.DependencyManagerTests.ShouldFailOnNullDependencyResolutionAddResolutionTest" executed="True" result="Success" success="True" time="0.001" asserts="0" />
                                      <test-case name="TextMetal.Common.UnitTests.Solder.DependencyManagement._.DependencyManagerTests.ShouldFailOnNullKeyAddResolution1Test" executed="True" result="Success" success="True" time="0.001" asserts="0" />
                                      <test-case name="TextMetal.Common.UnitTests.Solder.DependencyManagement._.DependencyManagerTests.ShouldFailOnNullKeyAddResolutionTest" executed="True" result="Success" success="True" time="0.001" asserts="0" />
                                      <test-case name="TextMetal.Common.UnitTests.Solder.DependencyManagement._.DependencyManagerTests.ShouldFailOnNullKeyRemoveResolution1Test" executed="True" result="Success" success="True" time="0.000" asserts="0" />
                                      <test-case name="TextMetal.Common.UnitTests.Solder.DependencyManagement._.DependencyManagerTests.ShouldFailOnNullKeyRemoveResolutionTest" executed="True" result="Success" success="True" time="0.001" asserts="0" />
                                      <test-case name="TextMetal.Common.UnitTests.Solder.DependencyManagement._.DependencyManagerTests.ShouldFailOnNullKeyResolveDependency1Test" executed="True" result="Success" success="True" time="0.001" asserts="0" />
                                      <test-case name="TextMetal.Common.UnitTests.Solder.DependencyManagement._.DependencyManagerTests.ShouldFailOnNullKeyResolveDependencyTest" executed="True" result="Success" success="True" time="0.000" asserts="0" />
                                      <test-case name="TextMetal.Common.UnitTests.Solder.DependencyManagement._.DependencyManagerTests.ShouldFailOnNullTypeAddResolutionTest" executed="True" result="Success" success="True" time="0.001" asserts="0" />
                                      <test-case name="TextMetal.Common.UnitTests.Solder.DependencyManagement._.DependencyManagerTests.ShouldFailOnNullTypeCheckIfHasResolutionTest" executed="True" result="Success" success="True" time="0.001" asserts="0" />
                                      <test-case name="TextMetal.Common.UnitTests.Solder.DependencyManagement._.DependencyManagerTests.ShouldFailOnNullTypeClearTypeResolutionsTest" executed="True" result="Success" success="True" time="0.001" asserts="0" />
                                      <test-case name="TextMetal.Common.UnitTests.Solder.DependencyManagement._.DependencyManagerTests.ShouldFailOnNullTypeRemoveResolutionTest" executed="True" result="Success" success="True" time="0.001" asserts="0" />
                                      <test-case name="TextMetal.Common.UnitTests.Solder.DependencyManagement._.DependencyManagerTests.ShouldFailOnNullTypeResolveDependencyTest" executed="True" result="Success" success="True" time="0.001" asserts="0" />
                                      <test-case name="TextMetal.Common.UnitTests.Solder.DependencyManagement._.DependencyManagerTests.ShouldNotFailOnDoubleDisposedAddResolution1Test" executed="True" result="Success" success="True" time="0.001" asserts="0" />
                                      <test-case name="TextMetal.Common.UnitTests.Solder.DependencyManagement._.DependencyManagerTests.ShouldRemoveResolution1Test" executed="True" result="Success" success="True" time="0.001" asserts="0" />
                                      <test-case name="TextMetal.Common.UnitTests.Solder.DependencyManagement._.DependencyManagerTests.ShouldRemoveResolutionTest" executed="True" result="Success" success="True" time="0.000" asserts="0" />
                                      <test-case name="TextMetal.Common.UnitTests.Solder.DependencyManagement._.DependencyManagerTests.ShouldResolveDependency1Test" executed="True" result="Success" success="True" time="0.001" asserts="0" />
                                      <test-case name="TextMetal.Common.UnitTests.Solder.DependencyManagement._.DependencyManagerTests.ShouldResolveDependencyTest" executed="True" result="Success" success="True" time="0.001" asserts="0" />
                                      <test-case name="TextMetal.Common.UnitTests.Solder.DependencyManagement._.DependencyManagerTests.ShouldVerifyAutoWiringTest" executed="True" result="Success" success="True" time="0.409" asserts="0" />
                                    </results>
                                  </test-suite>
                                  <test-suite type="TestFixture" name="DependencyRegistrationAttributeTests" executed="True" result="Success" success="True" time="0.001" asserts="0">
                                    <results>
                                      <test-case name="TextMetal.Common.UnitTests.Solder.DependencyManagement._.DependencyRegistrationAttributeTests.ShouldCreateTest" executed="True" result="Success" success="True" time="0.000" asserts="0" />
                                    </results>
                                  </test-suite>
                                  <test-suite type="TestFixture" name="SingletonDependencyResolutionTests" executed="True" result="Success" success="True" time="0.004" asserts="0">
                                    <results>
                                      <test-case name="TextMetal.Common.UnitTests.Solder.DependencyManagement._.SingletonDependencyResolutionTests.ShouldCreateAndEvaluateOfTypeTest" executed="True" result="Success" success="True" time="0.002" asserts="0" />
                                      <test-case name="TextMetal.Common.UnitTests.Solder.DependencyManagement._.SingletonDependencyResolutionTests.ShouldCreateAndEvaluateTest" executed="True" result="Success" success="True" time="0.001" asserts="0" />
                                    </results>
                                  </test-suite>
                                </results>
                              </test-suite>
                            </results>
                          </test-suite>
                        </results>
                      </test-suite>
                    </results>
                  </test-suite>
                </results>
              </test-suite>
            </results>
          </test-suite>
        </results>
      </test-suite>
    </results>
  </test-suite>
</test-results>